<?xml version="1.0" encoding="UTF-8"?>
<!-- Generated by org.testng.reporters.JUnitReportReporter -->
<testsuite hostname="DESKTOP-KBM" failures="0" tests="1" name="testCases.Test_Services" time="0.453" errors="0" timestamp="17 May 2025 11:52:00 GMT" skipped="0">
  <testcase classname="testCases.Test_Services" name="verifyServices" time="0.453"/>
</testsuite> <!-- testCases.Test_Services -->
